<?xml version="1.0" encoding="UTF-8" ?>
<testsuites errors="0"
            failures="1"
            tests="1">

  <testsuite name="searchTest"
    errors="0" failures="1" hostname="" id="" package="searchTest" skipped="0"
    tests="1" time="12.95" timestamp="">
  
    <testcase name="Search for &#34;dress&#34; and verify results" classname="searchTest" time="6.473" assertions="11">

    

    

    

    

    

    

    

    

    

      <failure message="Failed [ok]: (Result 6 contains &#34;dress&#34;) - expected &#34;true&#34; but got: &#34;false&#34; (0ms)">    at NightwatchAPI.&lt;anonymous&gt; (C:\Users\pc\Desktop\SDET-Task\SDET_Task\UI\page-objects\homePage.js:43:53)</failure>
<system-out>[[ATTACHMENT|C:\Users\pc\Desktop\SDET-Task\SDET_Task\UI\nightwatchReports\screenshots\searchTest\Search-for-dress-and-verify-results_FAILED_Oct-23-2024-171539-GMT+0300.png]]</system-out>
    
    </testcase>
  

  

    

  
  </testsuite>
</testsuites>
